# JRE version: Java(TM) SE Runtime Environment (17.0.16+12) (build 17.0.16+12-LTS-247)
# Java VM: Java HotSpot(TM) 64-Bit Server VM (17.0.16+12-LTS-247, mixed mode, sharing, tiered, compressed oops, compressed class ptrs, g1 gc, windows-amd64)
GC Precious Log:
 CPUs: 8 total, 8 available
 Memory: 7455M
 Large Page Support: Disabled
 NUMA Support: Disabled
 Compressed Oops: Enabled (Zero based)
 Heap Region Size: 2M
 Heap Min Capacity: 8M
 Heap Initial Capacity: 118M
 Heap Max Capacity: 4G
 Pre-touch: Disabled
 Parallel Workers: 8
 Concurrent Workers: 2
 Concurrent Refinement Workers: 8
 Periodic GC: Disabled
Heap:
 garbage-first heap   total 839680K, used 327313K [0x0000000700000000, 0x0000000800000000)
  region size 2048K, 10 young (20480K), 2 survivors (4096K)
 Metaspace       used 151078K, committed 152512K, reserved 1245184K
  class space    used 20154K, committed 20864K, reserved 1048576K
GC Heap History (20 events):
Event: 105.143 GC heap before
{Heap before GC invocations=90 (full 0):
 garbage-first heap   total 550912K, used 457047K [0x0000000700000000, 0x0000000800000000)
  region size 2048K, 53 young (108544K), 5 survivors (10240K)
 Metaspace       used 145712K, committed 147008K, reserved 1179648K
  class space    used 19472K, committed 20096K, reserved 1048576K
}
Event: 105.162 GC heap after
{Heap after GC invocations=91 (full 0):
 garbage-first heap   total 550912K, used 378120K [0x0000000700000000, 0x0000000800000000)
  region size 2048K, 7 young (14336K), 7 survivors (14336K)
 Metaspace       used 145712K, committed 147008K, reserved 1179648K
  class space    used 19472K, committed 20096K, reserved 1048576K
}
Event: 106.554 GC heap before
{Heap before GC invocations=91 (full 0):
 garbage-first heap   total 550912K, used 468232K [0x0000000700000000, 0x0000000800000000)
  region size 2048K, 46 young (94208K), 7 survivors (14336K)
 Metaspace       used 145853K, committed 147136K, reserved 1179648K
  class space    used 19478K, committed 20096K, reserved 1048576K
}
Event: 106.565 GC heap after
{Heap after GC invocations=92 (full 0):
 garbage-first heap   total 550912K, used 385219K [0x0000000700000000, 0x0000000800000000)
  region size 2048K, 1 young (2048K), 1 survivors (2048K)
 Metaspace       used 145853K, committed 147136K, reserved 1179648K
  class space    used 19478K, committed 20096K, reserved 1048576K
}
Event: 109.195 GC heap before
{Heap before GC invocations=92 (full 0):
 garbage-first heap   total 550912K, used 481475K [0x0000000700000000, 0x0000000800000000)
  region size 2048K, 39 young (79872K), 1 survivors (2048K)
 Metaspace       used 146275K, committed 147584K, reserved 1179648K
  class space    used 19518K, committed 20096K, reserved 1048576K
}
Event: 109.201 GC heap after
{Heap after GC invocations=93 (full 0):
 garbage-first heap   total 550912K, used 375594K [0x0000000700000000, 0x0000000800000000)
  region size 2048K, 2 young (4096K), 2 survivors (4096K)
 Metaspace       used 146275K, committed 147584K, reserved 1179648K
  class space    used 19518K, committed 20096K, reserved 1048576K
}
Event: 110.190 GC heap before
{Heap before GC invocations=93 (full 0):
 garbage-first heap   total 550912K, used 465706K [0x0000000700000000, 0x0000000800000000)
  region size 2048K, 46 young (94208K), 2 survivors (4096K)
 Metaspace       used 147043K, committed 148352K, reserved 1179648K
  class space    used 19608K, committed 20224K, reserved 1048576K
}
Event: 110.203 GC heap after
{Heap after GC invocations=94 (full 0):
 garbage-first heap   total 550912K, used 386859K [0x0000000700000000, 0x0000000800000000)
  region size 2048K, 6 young (12288K), 6 survivors (12288K)
 Metaspace       used 147043K, committed 148352K, reserved 1179648K
  class space    used 19608K, committed 20224K, reserved 1048576K
}
Event: 110.633 GC heap before
{Heap before GC invocations=94 (full 0):
 garbage-first heap   total 550912K, used 464683K [0x0000000700000000, 0x0000000800000000)
  region size 2048K, 45 young (92160K), 6 survivors (12288K)
 Metaspace       used 147475K, committed 148800K, reserved 1179648K
  class space    used 19675K, committed 20288K, reserved 1048576K
}
Event: 110.649 GC heap after
{Heap after GC invocations=95 (full 0):
 garbage-first heap   total 550912K, used 393705K [0x0000000700000000, 0x0000000800000000)
  region size 2048K, 5 young (10240K), 5 survivors (10240K)
 Metaspace       used 147475K, committed 148800K, reserved 1179648K
  class space    used 19675K, committed 20288K, reserved 1048576K
}
Event: 111.428 GC heap before
{Heap before GC invocations=95 (full 0):
 garbage-first heap   total 550912K, used 465385K [0x0000000700000000, 0x0000000800000000)
  region size 2048K, 41 young (83968K), 5 survivors (10240K)
 Metaspace       used 148628K, committed 150016K, reserved 1179648K
  class space    used 19834K, committed 20480K, reserved 1048576K
}
Event: 111.435 GC heap after
{Heap after GC invocations=96 (full 0):
 garbage-first heap   total 550912K, used 396741K [0x0000000700000000, 0x0000000800000000)
  region size 2048K, 2 young (4096K), 2 survivors (4096K)
 Metaspace       used 148628K, committed 150016K, reserved 1179648K
  class space    used 19834K, committed 20480K, reserved 1048576K
}
Event: 112.548 GC heap before
{Heap before GC invocations=96 (full 0):
 garbage-first heap   total 550912K, used 472517K [0x0000000700000000, 0x0000000800000000)
  region size 2048K, 39 young (79872K), 2 survivors (4096K)
 Metaspace       used 148764K, committed 150080K, reserved 1179648K
  class space    used 19844K, committed 20480K, reserved 1048576K
}
Event: 112.554 GC heap after
{Heap after GC invocations=97 (full 0):
 garbage-first heap   total 550912K, used 396622K [0x0000000700000000, 0x0000000800000000)
  region size 2048K, 2 young (4096K), 2 survivors (4096K)
 Metaspace       used 148764K, committed 150080K, reserved 1179648K
  class space    used 19844K, committed 20480K, reserved 1048576K
}
Event: 114.579 GC heap before
{Heap before GC invocations=97 (full 0):
 garbage-first heap   total 550912K, used 472398K [0x0000000700000000, 0x0000000800000000)
  region size 2048K, 36 young (73728K), 2 survivors (4096K)
 Metaspace       used 150071K, committed 151360K, reserved 1179648K
  class space    used 19999K, committed 20608K, reserved 1048576K
}
Event: 114.595 GC heap after
{Heap after GC invocations=98 (full 0):
 garbage-first heap   total 550912K, used 406115K [0x0000000700000000, 0x0000000800000000)
  region size 2048K, 3 young (6144K), 3 survivors (6144K)
 Metaspace       used 150071K, committed 151360K, reserved 1179648K
  class space    used 19999K, committed 20608K, reserved 1048576K
}
Event: 114.605 GC heap before
{Heap before GC invocations=98 (full 0):
 garbage-first heap   total 550912K, used 447075K [0x0000000700000000, 0x0000000800000000)
  region size 2048K, 4 young (8192K), 3 survivors (6144K)
 Metaspace       used 150071K, committed 151360K, reserved 1179648K
  class space    used 19999K, committed 20608K, reserved 1048576K
}
Event: 114.611 GC heap after
{Heap after GC invocations=99 (full 0):
 garbage-first heap   total 550912K, used 447226K [0x0000000700000000, 0x0000000800000000)
  region size 2048K, 3 young (6144K), 3 survivors (6144K)
 Metaspace       used 150071K, committed 151360K, reserved 1179648K
  class space    used 19999K, committed 20608K, reserved 1048576K
}
Event: 260.125 GC heap before
{Heap before GC invocations=100 (full 0):
 garbage-first heap   total 839680K, used 641786K [0x0000000700000000, 0x0000000800000000)
  region size 2048K, 22 young (45056K), 3 survivors (6144K)
 Metaspace       used 150931K, committed 152320K, reserved 1245184K
  class space    used 20144K, committed 20800K, reserved 1048576K
}
Event: 260.262 GC heap after
{Heap after GC invocations=101 (full 0):
 garbage-first heap   total 839680K, used 315025K [0x0000000700000000, 0x0000000800000000)
  region size 2048K, 2 young (4096K), 2 survivors (4096K)
 Metaspace       used 150931K, committed 152320K, reserved 1245184K
  class space    used 20144K, committed 20800K, reserved 1048576K
}

